0 info it worked if it ends with ok
1 verbose cli [ '/usr/local/Cellar/node/6.3.0/bin/node',
1 verbose cli   '/usr/local/bin/npm',
1 verbose cli   'install',
1 verbose cli   '-g',
1 verbose cli   'json-prettify' ]
2 info using npm@2.15.8
3 info using node@v6.3.0
4 verbose install initial load of /usr/local/lib/package.json
5 verbose readDependencies loading dependencies from /usr/local/lib/package.json
6 silly cache add args [ 'json-prettify', null ]
7 verbose cache add spec json-prettify
8 silly cache add parsed spec Result {
8 silly cache add   raw: 'json-prettify',
8 silly cache add   scope: null,
8 silly cache add   name: 'json-prettify',
8 silly cache add   rawSpec: '',
8 silly cache add   spec: 'latest',
8 silly cache add   type: 'tag' }
9 silly addNamed json-prettify@latest
10 verbose addNamed "latest" is being treated as a dist-tag for json-prettify
11 info addNameTag [ 'json-prettify', 'latest' ]
12 silly mapToRegistry name json-prettify
13 silly mapToRegistry using default registry
14 silly mapToRegistry registry http://registry.prod.auction.local:8081/repository/npm-internal
15 silly mapToRegistry data Result {
15 silly mapToRegistry   raw: 'json-prettify',
15 silly mapToRegistry   scope: null,
15 silly mapToRegistry   name: 'json-prettify',
15 silly mapToRegistry   rawSpec: '',
15 silly mapToRegistry   spec: 'latest',
15 silly mapToRegistry   type: 'tag' }
16 silly mapToRegistry uri http://registry.prod.auction.local:8081/repository/npm-internal/json-prettify
17 verbose addNameTag registry:http://registry.prod.auction.local:8081/repository/npm-internal/json-prettify not in flight; fetching
18 verbose request uri http://registry.prod.auction.local:8081/repository/npm-internal/json-prettify
19 verbose request no auth needed
20 info attempt registry request try #1 at 12:07:33 PM
21 verbose request id a150c87e53127dbf
22 http request GET http://registry.prod.auction.local:8081/repository/npm-internal/json-prettify
23 info retry will retry, error on last attempt: Error: getaddrinfo ENOTFOUND registry.prod.auction.local registry.prod.auction.local:8081
24 info attempt registry request try #2 at 12:07:48 PM
25 http request GET http://registry.prod.auction.local:8081/repository/npm-internal/json-prettify
26 info retry will retry, error on last attempt: Error: getaddrinfo ENOTFOUND registry.prod.auction.local registry.prod.auction.local:8081
27 info attempt registry request try #3 at 12:08:53 PM
28 http request GET http://registry.prod.auction.local:8081/repository/npm-internal/json-prettify
29 verbose stack Error: getaddrinfo ENOTFOUND registry.prod.auction.local registry.prod.auction.local:8081
29 verbose stack     at errnoException (dns.js:28:10)
29 verbose stack     at GetAddrInfoReqWrap.onlookup [as oncomplete] (dns.js:79:26)
30 verbose cwd /Users/jankiewicz/work-projects/base64
31 error Darwin 14.5.0
32 error argv "/usr/local/Cellar/node/6.3.0/bin/node" "/usr/local/bin/npm" "install" "-g" "json-prettify"
33 error node v6.3.0
34 error npm  v2.15.8
35 error code ENOTFOUND
36 error errno ENOTFOUND
37 error syscall getaddrinfo
38 error network getaddrinfo ENOTFOUND registry.prod.auction.local registry.prod.auction.local:8081
38 error network This is most likely not a problem with npm itself
38 error network and is related to network connectivity.
38 error network In most cases you are behind a proxy or have bad network settings.
38 error network
38 error network If you are behind a proxy, please make sure that the
38 error network 'proxy' config is set properly.  See: 'npm help config'
39 verbose exit [ 1, true ]
